<?xml version="1.0" encoding="UTF-8" ?>
<testsuite tests="10" failures="0" name="cl.multicaja.cuentatraspaso.test.db.TestSuite" time="0.094" errors="0" skipped="0">
  <properties>
[...]
</properties>
  <testcase classname="cl.multicaja.cuentatraspaso.test.db.Test_20180402193618_create_changelog" name="checkTableChangelog" time="0.032"/>
  <testcase classname="cl.multicaja.cuentatraspaso.test.db.Test_20180427091825_create_table_cdt_cuenta" name="CheckTableCuenta" time="0.009"/>
  <testcase classname="cl.multicaja.cuentatraspaso.test.db.Test_20180427092522_create_table_cdt_bolsa" name="CheckTableBolsa" time="0.008"/>
  <testcase classname="cl.multicaja.cuentatraspaso.test.db.Test_20180427092533_create_table_cdt_cuenta_acumulador" name="CheckTableCuentaAcumulador" time="0.006"/>
  <testcase classname="cl.multicaja.cuentatraspaso.test.db.Test_20180427092543_create_table_cdt_limite" name="CheckTableLimite" time="0.007"/>
  <testcase classname="cl.multicaja.cuentatraspaso.test.db.Test_20180427092549_create_table_cdt_movimiento" name="CheckTableMovimiento" time="0.005"/>
  <testcase classname="cl.multicaja.cuentatraspaso.test.db.Test_20180427092558_create_table_cdt_tipo_movimiento" name="CheckTableTipoMovimiento" time="0.006"/>
  <testcase classname="cl.multicaja.cuentatraspaso.test.db.Test_20180427092612_create_table_cdt_movimiento_cuenta" name="CheckTableMovimientoCuenta" time="0.006"/>
  <testcase classname="cl.multicaja.cuentatraspaso.test.db.Test_20180427092630_create_table_cdt_reglas_acumulacion" name="CheckTableReglaAcumulacion" time="0.008"/>
  <testcase classname="cl.multicaja.cuentatraspaso.test.db.Test_20180427093010_create_table_cdt_movimiento_tipo_mov" name="CheckTableMovimientoTipoMov" time="0.007"/>
</testsuite>